2026-04-26 09:24:45,348 [INFO] train — ============================================================
2026-04-26 09:24:45,348 [INFO] train — SMS Classifier — Training Pipeline
2026-04-26 09:24:45,348 [INFO] train — ============================================================
2026-04-26 09:30:13,269 [INFO] train — ============================================================
2026-04-26 09:30:13,269 [INFO] train — SMS Classifier — Training Pipeline
2026-04-26 09:30:13,269 [INFO] train — ============================================================
2026-04-26 09:30:13,421 [INFO] train — Class distribution plot saved → /home/mustak24/Documents/Coding/Python/classification-model/logs/class_distribution.png
2026-04-26 09:30:13,422 [INFO] train — Cleaning text...
2026-04-26 09:30:13,534 [INFO] train — Classes: ['CREDIT', 'DEBIT', 'UNKNOWN']
2026-04-26 09:30:13,538 [INFO] train — Train: 3040 | Test: 760
2026-04-26 09:30:13,538 [INFO] train — Running GridSearchCV (5-fold CV)...
2026-04-26 09:30:15,582 [INFO] train — Best params : {'clf__alpha': 0.01}
2026-04-26 09:30:15,582 [INFO] train — Best CV F1  : 1.0000
2026-04-26 09:30:15,606 [INFO] train — Test Accuracy : 1.0000
2026-04-26 09:30:15,606 [INFO] train — 
Classification Report:
              precision    recall  f1-score   support

      CREDIT       1.00      1.00      1.00       240
       DEBIT       1.00      1.00      1.00       240
     UNKNOWN       1.00      1.00      1.00       280

    accuracy                           1.00       760
   macro avg       1.00      1.00      1.00       760
weighted avg       1.00      1.00      1.00       760

2026-04-26 09:30:15,686 [INFO] train — Confusion matrix saved → /home/mustak24/Documents/Coding/Python/classification-model/logs/confusion_matrix.png
2026-04-26 09:30:15,690 [INFO] train — CV results saved → /home/mustak24/Documents/Coding/Python/classification-model/logs/cv_results.csv
2026-04-26 09:30:15,691 [INFO] train — Saved TF-IDF vectorizer → /home/mustak24/Documents/Coding/Python/classification-model/models/vectorizer.pkl
2026-04-26 09:30:15,691 [INFO] train — Saved MultinomialNB model → /home/mustak24/Documents/Coding/Python/classification-model/models/classifier.pkl
2026-04-26 09:30:15,691 [INFO] train — Saved LabelEncoder → /home/mustak24/Documents/Coding/Python/classification-model/models/label_encoder.pkl
2026-04-26 09:30:15,691 [INFO] train — Metadata saved → /home/mustak24/Documents/Coding/Python/classification-model/models/metadata.json
2026-04-26 09:30:15,691 [INFO] train — ============================================================
2026-04-26 09:30:15,692 [INFO] train — Training complete. Test accuracy: 100.00%
2026-04-26 09:30:15,692 [INFO] train — ============================================================
2026-04-26 11:20:56,372 [INFO] train — ============================================================
2026-04-26 11:20:56,372 [INFO] train — SMS Classifier — Training Pipeline
2026-04-26 11:20:56,373 [INFO] train — ============================================================
2026-04-26 11:20:56,462 [INFO] train — Class distribution plot saved → /home/mustak24/Documents/Coding/Python/classification-model/logs/class_distribution.png
2026-04-26 11:20:56,462 [INFO] train — Cleaning text...
2026-04-26 11:20:56,559 [INFO] train — Classes: ['CREDIT', 'DEBIT', 'UNKNOWN']
2026-04-26 11:20:56,561 [INFO] train — Train: 3044 | Test: 761
2026-04-26 11:20:56,561 [INFO] train — Running GridSearchCV (5-fold CV)...
2026-04-26 11:20:58,483 [INFO] train — Best params : {'clf__alpha': 0.01}
2026-04-26 11:20:58,483 [INFO] train — Best CV F1  : 0.9997
2026-04-26 11:20:58,510 [INFO] train — Test Accuracy : 1.0000
2026-04-26 11:20:58,510 [INFO] train — 
Classification Report:
              precision    recall  f1-score   support

      CREDIT       1.00      1.00      1.00       240
       DEBIT       1.00      1.00      1.00       240
     UNKNOWN       1.00      1.00      1.00       281

    accuracy                           1.00       761
   macro avg       1.00      1.00      1.00       761
weighted avg       1.00      1.00      1.00       761

2026-04-26 11:20:58,635 [INFO] train — Confusion matrix saved → /home/mustak24/Documents/Coding/Python/classification-model/logs/confusion_matrix.png
2026-04-26 11:20:58,638 [INFO] train — CV results saved → /home/mustak24/Documents/Coding/Python/classification-model/logs/cv_results.csv
2026-04-26 11:20:58,640 [INFO] train — Saved TF-IDF vectorizer → /home/mustak24/Documents/Coding/Python/classification-model/models/vectorizer.pkl
2026-04-26 11:20:58,640 [INFO] train — Saved MultinomialNB model → /home/mustak24/Documents/Coding/Python/classification-model/models/classifier.pkl
2026-04-26 11:20:58,641 [INFO] train — Saved LabelEncoder → /home/mustak24/Documents/Coding/Python/classification-model/models/label_encoder.pkl
2026-04-26 11:20:58,641 [INFO] train — Metadata saved → /home/mustak24/Documents/Coding/Python/classification-model/models/metadata.json
2026-04-26 11:20:58,641 [INFO] train — ============================================================
2026-04-26 11:20:58,641 [INFO] train — Training complete. Test accuracy: 100.00%
2026-04-26 11:20:58,641 [INFO] train — ============================================================
2026-04-26 11:37:53,647 [INFO] train — ============================================================
2026-04-26 11:37:53,647 [INFO] train — SMS Classifier — Training Pipeline
2026-04-26 11:37:53,647 [INFO] train — ============================================================
2026-04-26 11:37:53,797 [INFO] train — Class distribution plot saved → /home/mustak24/Documents/Coding/Python/classification-model/logs/class_distribution.png
2026-04-26 11:37:53,798 [INFO] train — Cleaning text...
2026-04-26 11:37:53,953 [INFO] train — Classes: ['CREDIT', 'DEBIT', 'UNKNOWN']
2026-04-26 11:37:53,957 [INFO] train — Train: 3056 | Test: 764
2026-04-26 11:37:53,957 [INFO] train — Running GridSearchCV (5-fold CV)...
2026-04-26 11:37:56,867 [INFO] train — Best params : {'clf__alpha': 0.01}
2026-04-26 11:37:56,868 [INFO] train — Best CV F1  : 0.9997
2026-04-26 11:37:56,896 [INFO] train — Test Accuracy : 1.0000
2026-04-26 11:37:56,896 [INFO] train — 
Classification Report:
              precision    recall  f1-score   support

      CREDIT       1.00      1.00      1.00       243
       DEBIT       1.00      1.00      1.00       240
     UNKNOWN       1.00      1.00      1.00       281

    accuracy                           1.00       764
   macro avg       1.00      1.00      1.00       764
weighted avg       1.00      1.00      1.00       764

2026-04-26 11:37:57,050 [INFO] train — Confusion matrix saved → /home/mustak24/Documents/Coding/Python/classification-model/logs/confusion_matrix.png
2026-04-26 11:37:57,055 [INFO] train — CV results saved → /home/mustak24/Documents/Coding/Python/classification-model/logs/cv_results.csv
2026-04-26 11:37:57,058 [INFO] train — Saved TF-IDF vectorizer → /home/mustak24/Documents/Coding/Python/classification-model/models/vectorizer.pkl
2026-04-26 11:37:57,059 [INFO] train — Saved MultinomialNB model → /home/mustak24/Documents/Coding/Python/classification-model/models/classifier.pkl
2026-04-26 11:37:57,059 [INFO] train — Saved LabelEncoder → /home/mustak24/Documents/Coding/Python/classification-model/models/label_encoder.pkl
2026-04-26 11:37:57,059 [INFO] train — Metadata saved → /home/mustak24/Documents/Coding/Python/classification-model/models/metadata.json
2026-04-26 11:37:57,059 [INFO] train — ============================================================
2026-04-26 11:37:57,059 [INFO] train — Training complete. Test accuracy: 100.00%
2026-04-26 11:37:57,059 [INFO] train — ============================================================
2026-04-26 12:02:54,995 [INFO] train — ============================================================
2026-04-26 12:02:54,995 [INFO] train — SMS Classifier — Training Pipeline
2026-04-26 12:02:54,995 [INFO] train — ============================================================
2026-04-26 12:02:55,094 [INFO] train — Class distribution plot saved → /home/mustak24/Documents/Coding/Python/classification-model/logs/class_distribution.png
2026-04-26 12:02:55,094 [INFO] train — Cleaning text...
2026-04-26 12:02:55,214 [INFO] train — Classes: ['CREDIT', 'DEBIT', 'UNKNOWN']
2026-04-26 12:02:55,218 [INFO] train — Train: 3072 | Test: 768
2026-04-26 12:02:55,218 [INFO] train — Running GridSearchCV (5-fold CV)...
2026-04-26 12:02:57,274 [INFO] train — Best params : {'clf__alpha': 0.01}
2026-04-26 12:02:57,275 [INFO] train — Best CV F1  : 0.9974
2026-04-26 12:02:57,297 [INFO] train — Test Accuracy : 0.9987
2026-04-26 12:02:57,297 [INFO] train — 
Classification Report:
              precision    recall  f1-score   support

      CREDIT       1.00      1.00      1.00       244
       DEBIT       1.00      1.00      1.00       240
     UNKNOWN       1.00      1.00      1.00       284

    accuracy                           1.00       768
   macro avg       1.00      1.00      1.00       768
weighted avg       1.00      1.00      1.00       768

2026-04-26 12:02:57,390 [INFO] train — Confusion matrix saved → /home/mustak24/Documents/Coding/Python/classification-model/logs/confusion_matrix.png
2026-04-26 12:02:57,392 [INFO] train — CV results saved → /home/mustak24/Documents/Coding/Python/classification-model/logs/cv_results.csv
2026-04-26 12:02:57,393 [INFO] train — Saved TF-IDF vectorizer → /home/mustak24/Documents/Coding/Python/classification-model/models/vectorizer.pkl
2026-04-26 12:02:57,394 [INFO] train — Saved MultinomialNB model → /home/mustak24/Documents/Coding/Python/classification-model/models/classifier.pkl
2026-04-26 12:02:57,394 [INFO] train — Saved LabelEncoder → /home/mustak24/Documents/Coding/Python/classification-model/models/label_encoder.pkl
2026-04-26 12:02:57,394 [INFO] train — Metadata saved → /home/mustak24/Documents/Coding/Python/classification-model/models/metadata.json
2026-04-26 12:02:57,394 [INFO] train — ============================================================
2026-04-26 12:02:57,394 [INFO] train — Training complete. Test accuracy: 99.87%
2026-04-26 12:02:57,394 [INFO] train — ============================================================
2026-05-01 00:15:20,092 [INFO] train — ============================================================
2026-05-01 00:15:20,092 [INFO] train — SMS Classifier — FastText Training Pipeline
2026-05-01 00:15:20,092 [INFO] train — ============================================================
2026-05-01 00:15:20,315 [INFO] train — Class distribution plot saved → /home/mustak24/Documents/Coding/Python/classification-model/logs/class_distribution.png
2026-05-01 00:15:20,316 [INFO] train — Cleaning text...
2026-05-01 00:15:20,514 [INFO] train — Classes: ['CREDIT', 'DEBIT', 'UNKNOWN']
2026-05-01 00:15:20,521 [INFO] train — Train: 3072 | Test: 768
2026-05-01 00:15:20,670 [INFO] train — Wrote FastText file → /home/mustak24/Documents/Coding/Python/classification-model/models/train.ft.txt  (3072 rows)
2026-05-01 00:15:20,706 [INFO] train — Wrote FastText file → /home/mustak24/Documents/Coding/Python/classification-model/models/test.ft.txt  (768 rows)
2026-05-01 00:15:20,706 [INFO] train — Training with auto-tune (duration=30s)...
2026-05-01 00:15:51,347 [INFO] train — FastText test metrics — N: 768 | P@1: 0.9987 | R@1: 0.9987
2026-05-01 00:16:54,013 [INFO] train — ============================================================
2026-05-01 00:16:54,013 [INFO] train — SMS Classifier — FastText Training Pipeline
2026-05-01 00:16:54,013 [INFO] train — ============================================================
2026-05-01 00:16:54,128 [INFO] train — Class distribution plot saved → /home/mustak24/Documents/Coding/Python/classification-model/logs/class_distribution.png
2026-05-01 00:16:54,128 [INFO] train — Cleaning text...
2026-05-01 00:16:54,250 [INFO] train — Classes: ['CREDIT', 'DEBIT', 'UNKNOWN']
2026-05-01 00:16:54,255 [INFO] train — Train: 3072 | Test: 768
2026-05-01 00:16:54,355 [INFO] train — Wrote FastText file → /home/mustak24/Documents/Coding/Python/classification-model/models/train.ft.txt  (3072 rows)
2026-05-01 00:16:54,382 [INFO] train — Wrote FastText file → /home/mustak24/Documents/Coding/Python/classification-model/models/test.ft.txt  (768 rows)
2026-05-01 00:16:54,382 [INFO] train — Training with auto-tune (duration=30s)...
2026-05-01 00:17:25,118 [INFO] train — FastText test metrics — N: 768 | P@1: 0.9987 | R@1: 0.9987
2026-05-01 00:18:20,952 [INFO] train — ============================================================
2026-05-01 00:18:20,952 [INFO] train — SMS Classifier — FastText Training Pipeline
2026-05-01 00:18:20,952 [INFO] train — ============================================================
2026-05-01 00:18:21,092 [INFO] train — Class distribution plot saved → /home/mustak24/Documents/Coding/Python/classification-model/logs/class_distribution.png
2026-05-01 00:18:21,092 [INFO] train — Cleaning text...
2026-05-01 00:18:21,277 [INFO] train — Classes: ['CREDIT', 'DEBIT', 'UNKNOWN']
2026-05-01 00:18:21,282 [INFO] train — Train: 3072 | Test: 768
2026-05-01 00:18:21,413 [INFO] train — Wrote FastText file → /home/mustak24/Documents/Coding/Python/classification-model/models/train.ft.txt  (3072 rows)
2026-05-01 00:18:21,454 [INFO] train — Wrote FastText file → /home/mustak24/Documents/Coding/Python/classification-model/models/test.ft.txt  (768 rows)
2026-05-01 00:18:21,454 [INFO] train — Training with auto-tune (duration=30s)...
2026-05-01 00:18:53,366 [INFO] train — FastText test metrics — N: 768 | P@1: 0.9987 | R@1: 0.9987
2026-05-01 00:21:10,682 [INFO] train — ============================================================
2026-05-01 00:21:10,682 [INFO] train — SMS Classifier — FastText Training Pipeline
2026-05-01 00:21:10,682 [INFO] train — ============================================================
2026-05-01 00:21:10,838 [INFO] train — Class distribution plot saved → /home/mustak24/Documents/Coding/Python/classification-model/logs/class_distribution.png
2026-05-01 00:21:10,838 [INFO] train — Cleaning text...
2026-05-01 00:21:11,017 [INFO] train — Classes: ['CREDIT', 'DEBIT', 'UNKNOWN']
2026-05-01 00:21:11,022 [INFO] train — Train: 3072 | Test: 768
2026-05-01 00:21:11,121 [INFO] train — Wrote FastText file → /home/mustak24/Documents/Coding/Python/classification-model/models/train.ft.txt  (3072 rows)
2026-05-01 00:21:11,144 [INFO] train — Wrote FastText file → /home/mustak24/Documents/Coding/Python/classification-model/models/test.ft.txt  (768 rows)
2026-05-01 00:21:11,145 [INFO] train — Training with auto-tune (duration=30s)...
2026-05-01 00:21:41,763 [INFO] train — FastText test metrics — N: 768 | P@1: 0.9987 | R@1: 0.9987
2026-05-01 00:21:41,814 [INFO] train — Test Accuracy : 0.9987
2026-05-01 00:21:41,814 [INFO] train — 
Classification Report:
              precision    recall  f1-score   support

      CREDIT       1.00      1.00      1.00       244
       DEBIT       1.00      1.00      1.00       240
     UNKNOWN       1.00      1.00      1.00       284

    accuracy                           1.00       768
   macro avg       1.00      1.00      1.00       768
weighted avg       1.00      1.00      1.00       768

2026-05-01 00:21:42,034 [INFO] train — Confusion matrix saved → /home/mustak24/Documents/Coding/Python/classification-model/logs/confusion_matrix.png
2026-05-01 00:21:42,035 [INFO] train — Saved full model → /home/mustak24/Documents/Coding/Python/classification-model/models/classifier.bin
2026-05-01 00:21:43,133 [INFO] train — Saved quantized model → /home/mustak24/Documents/Coding/Python/classification-model/models/classifier.ftz
2026-05-01 00:21:43,134 [INFO] train — Metadata saved → /home/mustak24/Documents/Coding/Python/classification-model/models/metadata.json
2026-05-01 00:21:43,134 [INFO] train — ============================================================
2026-05-01 00:21:43,134 [INFO] train — Training complete. Test accuracy: 99.87%
2026-05-01 00:21:43,134 [INFO] train — ============================================================
2026-05-03 21:48:53,420 [INFO] train — ============================================================
2026-05-03 21:48:53,421 [INFO] train — SMS Classifier — FastText Training Pipeline
2026-05-03 21:48:53,421 [INFO] train — ============================================================
2026-05-03 21:48:53,541 [INFO] train — Class distribution plot saved → /home/mustak24/Documents/Coding/Python/classification-model/logs/class_distribution.png
2026-05-03 21:48:53,541 [INFO] train — Cleaning text...
2026-05-03 21:48:53,689 [INFO] train — Classes: ['CREDIT', 'DEBIT', 'UNKNOWN']
2026-05-03 21:48:53,694 [INFO] train — Train: 3096 | Test: 774
2026-05-03 21:48:53,780 [INFO] train — Wrote FastText file → /home/mustak24/Documents/Coding/Python/classification-model/models/train.ft.txt  (3096 rows)
2026-05-03 21:48:53,803 [INFO] train — Wrote FastText file → /home/mustak24/Documents/Coding/Python/classification-model/models/test.ft.txt  (774 rows)
2026-05-03 21:48:53,803 [INFO] train — Training with auto-tune (duration=300s)...
2026-05-03 21:51:21,811 [INFO] train — ============================================================
2026-05-03 21:51:21,811 [INFO] train — SMS Classifier — FastText Training Pipeline
2026-05-03 21:51:21,811 [INFO] train — ============================================================
2026-05-03 21:51:21,945 [INFO] train — Class distribution plot saved → /home/mustak24/Documents/Coding/Python/classification-model/logs/class_distribution.png
2026-05-03 21:51:21,945 [INFO] train — Cleaning text...
2026-05-03 21:51:22,108 [INFO] train — Classes: ['CREDIT', 'DEBIT', 'UNKNOWN']
2026-05-03 21:51:22,112 [INFO] train — Train: 3096 | Test: 774
2026-05-03 21:51:22,208 [INFO] train — Wrote FastText file → /home/mustak24/Documents/Coding/Python/classification-model/models/train.ft.txt  (3096 rows)
2026-05-03 21:51:22,232 [INFO] train — Wrote FastText file → /home/mustak24/Documents/Coding/Python/classification-model/models/test.ft.txt  (774 rows)
2026-05-03 21:51:22,232 [INFO] train — Training with auto-tune (duration=300s)...
2026-05-03 21:56:00,788 [INFO] train — ============================================================
2026-05-03 21:56:00,788 [INFO] train — SMS Classifier — FastText Training Pipeline
2026-05-03 21:56:00,788 [INFO] train — ============================================================
2026-05-03 21:56:00,898 [INFO] train — Class distribution plot saved → /home/mustak24/Documents/Coding/Python/classification-model/logs/class_distribution.png
2026-05-03 21:56:00,898 [INFO] train — Cleaning text...
2026-05-03 21:56:01,019 [INFO] train — Classes: ['CREDIT', 'DEBIT', 'UNKNOWN']
2026-05-03 21:56:01,022 [INFO] train — Train: 3129 | Test: 783
2026-05-03 21:56:01,112 [INFO] train — Wrote FastText file → /home/mustak24/Documents/Coding/Python/classification-model/models/train.ft.txt  (3129 rows)
2026-05-03 21:56:01,135 [INFO] train — Wrote FastText file → /home/mustak24/Documents/Coding/Python/classification-model/models/test.ft.txt  (783 rows)
2026-05-03 21:56:01,135 [INFO] train — Training with auto-tune (duration=300s)...
2026-05-03 21:58:04,862 [INFO] train — ============================================================
2026-05-03 21:58:04,863 [INFO] train — SMS Classifier — FastText Training Pipeline
2026-05-03 21:58:04,863 [INFO] train — ============================================================
2026-05-03 21:58:04,983 [INFO] train — Class distribution plot saved → /home/mustak24/Documents/Coding/Python/classification-model/logs/class_distribution.png
2026-05-03 21:58:04,983 [INFO] train — Cleaning text...
2026-05-03 21:58:05,133 [INFO] train — Classes: ['CREDIT', 'DEBIT', 'UNKNOWN']
2026-05-03 21:58:05,137 [INFO] train — Train: 3129 | Test: 783
2026-05-03 21:58:05,230 [INFO] train — Wrote FastText file → /home/mustak24/Documents/Coding/Python/classification-model/models/train.ft.txt  (3129 rows)
2026-05-03 21:58:05,257 [INFO] train — Wrote FastText file → /home/mustak24/Documents/Coding/Python/classification-model/models/test.ft.txt  (783 rows)
2026-05-03 21:58:05,257 [INFO] train — Training with auto-tune (duration=300s)...
2026-05-04 08:37:28,849 [INFO] train — ============================================================
2026-05-04 08:37:28,849 [INFO] train — SMS Classifier — FastText Training Pipeline
2026-05-04 08:37:28,849 [INFO] train — ============================================================
2026-05-04 08:37:28,949 [INFO] train — Class distribution plot saved → /home/mustak24/Documents/Coding/Python/classification-model/logs/class_distribution.png
2026-05-04 08:37:28,949 [INFO] train — Cleaning text...
2026-05-04 08:37:29,057 [INFO] train — Classes: ['CREDIT', 'DEBIT', 'UNKNOWN']
2026-05-04 08:37:29,061 [INFO] train — Train: 3129 | Test: 783
2026-05-04 08:37:29,145 [INFO] train — Wrote FastText file → /home/mustak24/Documents/Coding/Python/classification-model/models/train.ft.txt  (3129 rows)
2026-05-04 08:37:29,170 [INFO] train — Wrote FastText file → /home/mustak24/Documents/Coding/Python/classification-model/models/test.ft.txt  (783 rows)
2026-05-04 08:37:29,170 [INFO] train — Training with auto-tune (duration=300s)...
2026-05-04 08:38:39,451 [INFO] train — ============================================================
2026-05-04 08:38:39,454 [INFO] train — SMS Classifier — FastText Training Pipeline
2026-05-04 08:38:39,454 [INFO] train — ============================================================
2026-05-04 08:38:39,788 [INFO] train — Class distribution plot saved → /home/mustak24/Documents/Coding/Python/classification-model/logs/class_distribution.png
2026-05-04 08:38:39,788 [INFO] train — Cleaning text...
2026-05-04 08:38:39,897 [INFO] train — Classes: ['CREDIT', 'DEBIT', 'UNKNOWN']
2026-05-04 08:38:39,900 [INFO] train — Train: 3129 | Test: 783
2026-05-04 08:38:39,983 [INFO] train — Wrote FastText file → /home/mustak24/Documents/Coding/Python/classification-model/models/train.ft.txt  (3129 rows)
2026-05-04 08:38:40,004 [INFO] train — Wrote FastText file → /home/mustak24/Documents/Coding/Python/classification-model/models/test.ft.txt  (783 rows)
2026-05-04 08:38:40,004 [INFO] train — Training with auto-tune (duration=300s)...
2026-05-04 08:43:58,324 [INFO] train — ============================================================
2026-05-04 08:43:58,324 [INFO] train — SMS Classifier — FastText Training Pipeline
2026-05-04 08:43:58,324 [INFO] train — ============================================================
2026-05-04 08:43:58,688 [INFO] train — Class distribution plot saved → /home/mustak24/Documents/Coding/Python/classification-model/logs/class_distribution.png
2026-05-04 08:43:58,688 [INFO] train — Cleaning text...
2026-05-04 08:43:58,806 [INFO] train — Classes: ['CREDIT', 'DEBIT', 'UNKNOWN']
2026-05-04 08:43:58,809 [INFO] train — Train: 3129 | Test: 783
2026-05-04 08:43:58,894 [INFO] train — Wrote FastText file → /home/mustak24/Documents/Coding/Python/classification-model/models/train.ft.txt  (3129 rows)
2026-05-04 08:43:58,917 [INFO] train — Wrote FastText file → /home/mustak24/Documents/Coding/Python/classification-model/models/test.ft.txt  (783 rows)
2026-05-04 08:43:58,917 [INFO] train — Training with auto-tune (duration=30s)...
2026-05-04 08:51:20,182 [INFO] train — ============================================================
2026-05-04 08:51:20,182 [INFO] train — SMS Classifier — FastText Training Pipeline
2026-05-04 08:51:20,182 [INFO] train — ============================================================
2026-05-04 08:51:20,284 [INFO] train — Class distribution plot saved → /home/mustak24/Documents/Coding/Python/classification-model/logs/class_distribution.png
2026-05-04 08:51:20,284 [INFO] train — Cleaning text...
2026-05-04 08:51:20,401 [INFO] train — Classes: ['CREDIT', 'DEBIT', 'UNKNOWN']
2026-05-04 08:51:20,404 [INFO] train — Train: 3129 | Test: 783
2026-05-04 08:51:20,490 [INFO] train — Wrote FastText file → /home/mustak24/Documents/Coding/Python/classification-model/models/train.ft.txt  (3129 rows)
2026-05-04 08:51:20,512 [INFO] train — Wrote FastText file → /home/mustak24/Documents/Coding/Python/classification-model/models/test.ft.txt  (783 rows)
2026-05-04 08:51:20,512 [INFO] train — Training with auto-tune (duration=30s)...
2026-05-04 08:52:21,877 [INFO] train — ============================================================
2026-05-04 08:52:21,877 [INFO] train — SMS Classifier — FastText Training Pipeline
2026-05-04 08:52:21,877 [INFO] train — ============================================================
2026-05-04 08:52:21,993 [INFO] train — Class distribution plot saved → /home/mustak24/Documents/Coding/Python/classification-model/logs/class_distribution.png
2026-05-04 08:52:21,993 [INFO] train — Cleaning text...
2026-05-04 08:52:22,157 [INFO] train — Classes: ['CREDIT', 'DEBIT', 'UNKNOWN']
2026-05-04 08:52:22,161 [INFO] train — Train: 3129 | Test: 783
2026-05-04 08:52:22,257 [INFO] train — Wrote FastText file → /home/mustak24/Documents/Coding/Python/classification-model/models/train.ft.txt  (3129 rows)
2026-05-04 08:52:22,281 [INFO] train — Wrote FastText file → /home/mustak24/Documents/Coding/Python/classification-model/models/test.ft.txt  (783 rows)
2026-05-04 08:52:22,282 [INFO] train — Training with auto-tune (duration=60s)...
2026-05-04 08:53:24,633 [INFO] train — ============================================================
2026-05-04 08:53:24,633 [INFO] train — SMS Classifier — FastText Training Pipeline
2026-05-04 08:53:24,633 [INFO] train — ============================================================
2026-05-04 08:53:24,765 [INFO] train — Class distribution plot saved → /home/mustak24/Documents/Coding/Python/classification-model/logs/class_distribution.png
2026-05-04 08:53:24,765 [INFO] train — Cleaning text...
2026-05-04 08:53:24,907 [INFO] train — Classes: ['CREDIT', 'DEBIT', 'UNKNOWN']
2026-05-04 08:53:24,911 [INFO] train — Train: 3129 | Test: 783
2026-05-04 08:53:25,032 [INFO] train — Wrote FastText file → /home/mustak24/Documents/Coding/Python/classification-model/models/train.ft.txt  (3129 rows)
2026-05-04 08:53:25,060 [INFO] train — Wrote FastText file → /home/mustak24/Documents/Coding/Python/classification-model/models/test.ft.txt  (783 rows)
2026-05-04 08:53:25,060 [INFO] train — Training with auto-tune (duration=60s)...
2026-05-04 08:54:33,708 [INFO] train — ============================================================
2026-05-04 08:54:33,708 [INFO] train — SMS Classifier — FastText Training Pipeline
2026-05-04 08:54:33,708 [INFO] train — ============================================================
2026-05-04 08:54:33,812 [INFO] train — Class distribution plot saved → /home/mustak24/Documents/Coding/Python/classification-model/logs/class_distribution.png
2026-05-04 08:54:33,813 [INFO] train — Cleaning text...
2026-05-04 08:54:33,939 [INFO] train — Classes: ['CREDIT', 'DEBIT', 'UNKNOWN']
2026-05-04 08:54:33,943 [INFO] train — Train: 3129 | Test: 783
2026-05-04 08:54:34,049 [INFO] train — Wrote FastText file → /home/mustak24/Documents/Coding/Python/classification-model/models/train.ft.txt  (3129 rows)
2026-05-04 08:54:34,071 [INFO] train — Wrote FastText file → /home/mustak24/Documents/Coding/Python/classification-model/models/test.ft.txt  (783 rows)
2026-05-04 08:54:34,071 [INFO] train — Training with auto-tune (duration=10s)...
2026-05-04 08:54:47,118 [INFO] train — FastText test metrics — N: 783 | P@1: 0.9974 | R@1: 0.9974
2026-05-04 08:54:47,156 [INFO] train — Test Accuracy : 0.9974
2026-05-04 08:54:47,157 [INFO] train — 
Classification Report:
              precision    recall  f1-score   support

      CREDIT       1.00      1.00      1.00       248
       DEBIT       1.00      1.00      1.00       248
     UNKNOWN       1.00      1.00      1.00       287

    accuracy                           1.00       783
   macro avg       1.00      1.00      1.00       783
weighted avg       1.00      1.00      1.00       783

2026-05-04 08:54:47,328 [INFO] train — Confusion matrix saved → /home/mustak24/Documents/Coding/Python/classification-model/logs/confusion_matrix.png
2026-05-04 08:54:48,322 [INFO] train — Saved full model → /home/mustak24/Documents/Coding/Python/classification-model/models/classifier.bin
2026-05-04 08:57:16,753 [INFO] train — ============================================================
2026-05-04 08:57:16,753 [INFO] train — SMS Classifier — FastText Training Pipeline
2026-05-04 08:57:16,753 [INFO] train — ============================================================
2026-05-04 08:57:16,862 [INFO] train — Class distribution plot saved → /home/mustak24/Documents/Coding/Python/classification-model/logs/class_distribution.png
2026-05-04 08:57:16,862 [INFO] train — Cleaning text...
2026-05-04 08:57:16,995 [INFO] train — Classes: ['CREDIT', 'DEBIT', 'UNKNOWN']
2026-05-04 08:57:16,998 [INFO] train — Train: 3129 | Test: 783
2026-05-04 08:57:17,106 [INFO] train — Wrote FastText file → /home/mustak24/Documents/Coding/Python/classification-model/models/train.ft.txt  (3129 rows)
2026-05-04 08:57:17,139 [INFO] train — Wrote FastText file → /home/mustak24/Documents/Coding/Python/classification-model/models/test.ft.txt  (783 rows)
2026-05-04 08:57:17,140 [INFO] train — Training with auto-tune (duration=10s)...
2026-05-04 08:57:29,044 [INFO] train — FastText test metrics — N: 783 | P@1: 0.9974 | R@1: 0.9974
2026-05-04 08:57:29,085 [INFO] train — Test Accuracy : 0.9974
2026-05-04 08:57:29,085 [INFO] train — 
Classification Report:
              precision    recall  f1-score   support

      CREDIT       1.00      1.00      1.00       248
       DEBIT       1.00      1.00      1.00       248
     UNKNOWN       1.00      1.00      1.00       287

    accuracy                           1.00       783
   macro avg       1.00      1.00      1.00       783
weighted avg       1.00      1.00      1.00       783

2026-05-04 08:57:29,258 [INFO] train — Confusion matrix saved → /home/mustak24/Documents/Coding/Python/classification-model/logs/confusion_matrix.png
2026-05-04 08:57:30,039 [INFO] train — Saved full model → /home/mustak24/Documents/Coding/Python/classification-model/models/classifier.bin
2026-05-04 08:59:25,943 [INFO] train — Saved quantized model → /home/mustak24/Documents/Coding/Python/classification-model/models/classifier.ftz
2026-05-04 08:59:25,943 [INFO] train — Metadata saved → /home/mustak24/Documents/Coding/Python/classification-model/models/metadata.json
2026-05-04 08:59:25,944 [INFO] train — ============================================================
2026-05-04 08:59:25,944 [INFO] train — Training complete. Test accuracy: 99.74%
2026-05-04 08:59:25,944 [INFO] train — ============================================================
2026-05-04 09:02:38,328 [INFO] train — ============================================================
2026-05-04 09:02:38,328 [INFO] train — SMS Classifier — FastText Training Pipeline
2026-05-04 09:02:38,328 [INFO] train — ============================================================
2026-05-04 09:02:38,428 [INFO] train — Class distribution plot saved → /home/mustak24/Documents/Coding/Python/classification-model/logs/class_distribution.png
2026-05-04 09:02:38,428 [INFO] train — Cleaning text...
2026-05-04 09:02:38,552 [INFO] train — Classes: ['CREDIT', 'DEBIT', 'UNKNOWN']
2026-05-04 09:02:38,556 [INFO] train — Train: 3129 | Test: 783
2026-05-04 09:02:38,664 [INFO] train — Wrote FastText file → /home/mustak24/Documents/Coding/Python/classification-model/models/train.ft.txt  (3129 rows)
2026-05-04 09:02:38,693 [INFO] train — Wrote FastText file → /home/mustak24/Documents/Coding/Python/classification-model/models/test.ft.txt  (783 rows)
2026-05-04 09:02:38,694 [INFO] train — Training with auto-tune (duration=10s)...
2026-05-04 09:02:51,520 [INFO] train — FastText test metrics — N: 783 | P@1: 0.9974 | R@1: 0.9974
2026-05-04 09:02:51,560 [INFO] train — Test Accuracy : 0.9974
2026-05-04 09:02:51,560 [INFO] train — 
Classification Report:
              precision    recall  f1-score   support

      CREDIT       1.00      1.00      1.00       248
       DEBIT       1.00      1.00      1.00       248
     UNKNOWN       1.00      1.00      1.00       287

    accuracy                           1.00       783
   macro avg       1.00      1.00      1.00       783
weighted avg       1.00      1.00      1.00       783

2026-05-04 09:02:51,721 [INFO] train — Confusion matrix saved → /home/mustak24/Documents/Coding/Python/classification-model/logs/confusion_matrix.png
2026-05-04 09:02:52,773 [INFO] train — Saved full model → /home/mustak24/Documents/Coding/Python/classification-model/models/classifier.bin
2026-05-04 09:07:32,648 [INFO] train — Saved quantized model → /home/mustak24/Documents/Coding/Python/classification-model/models/classifier.ftz
2026-05-04 09:07:32,652 [INFO] train — Metadata saved → /home/mustak24/Documents/Coding/Python/classification-model/models/metadata.json
2026-05-04 09:07:32,652 [INFO] train — ============================================================
2026-05-04 09:07:32,652 [INFO] train — Training complete. Test accuracy: 99.74%
2026-05-04 09:07:32,652 [INFO] train — ============================================================
2026-05-04 22:00:50,308 [INFO] train — ============================================================
2026-05-04 22:00:50,308 [INFO] train — SMS Classifier — FastText Training Pipeline
2026-05-04 22:00:50,308 [INFO] train — ============================================================
2026-05-04 22:00:50,421 [INFO] train — Class distribution plot saved → /home/mustak24/Documents/Coding/Python/classification-model/logs/class_distribution.png
2026-05-04 22:00:50,421 [INFO] train — Cleaning text...
2026-05-04 22:00:50,542 [INFO] train — Classes: ['CREDIT', 'DEBIT', 'UNKNOWN']
2026-05-04 22:00:50,547 [INFO] train — Train: 3261 | Test: 816
2026-05-04 22:00:50,639 [INFO] train — Wrote FastText file → /home/mustak24/Documents/Coding/Python/classification-model/models/train.ft.txt  (3261 rows)
2026-05-04 22:00:50,668 [INFO] train — Wrote FastText file → /home/mustak24/Documents/Coding/Python/classification-model/models/test.ft.txt  (816 rows)
2026-05-04 22:00:50,669 [INFO] train — Training with auto-tune (duration=10s)...
2026-05-04 22:01:02,928 [INFO] train — FastText test metrics — N: 816 | P@1: 0.9963 | R@1: 0.9963
2026-05-04 22:01:03,012 [INFO] train — Test Accuracy : 0.9963
2026-05-04 22:01:03,013 [INFO] train — 
Classification Report:
              precision    recall  f1-score   support

      CREDIT       1.00      1.00      1.00       259
       DEBIT       1.00      1.00      1.00       259
     UNKNOWN       1.00      1.00      1.00       298

    accuracy                           1.00       816
   macro avg       1.00      1.00      1.00       816
weighted avg       1.00      1.00      1.00       816

2026-05-04 22:01:03,247 [INFO] train — Confusion matrix saved → /home/mustak24/Documents/Coding/Python/classification-model/logs/confusion_matrix.png
2026-05-04 22:01:05,053 [INFO] train — Saved full model → /home/mustak24/Documents/Coding/Python/classification-model/models/classifier.bin
2026-05-04 22:03:04,053 [INFO] train — Saved quantized model → /home/mustak24/Documents/Coding/Python/classification-model/models/classifier.ftz
2026-05-04 22:03:04,056 [INFO] train — Metadata saved → /home/mustak24/Documents/Coding/Python/classification-model/models/metadata.json
2026-05-04 22:03:04,056 [INFO] train — ============================================================
2026-05-04 22:03:04,056 [INFO] train — Training complete. Test accuracy: 99.63%
2026-05-04 22:03:04,056 [INFO] train — ============================================================
2026-05-05 18:57:03,903 [INFO] train — ============================================================
2026-05-05 18:57:03,903 [INFO] train — SMS Classifier — FastText Training Pipeline
2026-05-05 18:57:03,903 [INFO] train — ============================================================
2026-05-05 18:57:04,008 [INFO] train — Class distribution plot saved → /home/mustak24/Documents/Coding/Python/classification-model/logs/class_distribution.png
2026-05-05 18:57:04,008 [INFO] train — Cleaning text...
2026-05-05 18:57:04,114 [INFO] train — Classes: ['CREDIT', 'DEBIT', 'UNKNOWN']
2026-05-05 18:57:04,118 [INFO] train — Train: 3261 | Test: 816
2026-05-05 18:57:04,200 [INFO] train — Wrote FastText file → /home/mustak24/Documents/Coding/Python/classification-model/models/train.ft.txt  (3261 rows)
2026-05-05 18:57:04,220 [INFO] train — Wrote FastText file → /home/mustak24/Documents/Coding/Python/classification-model/models/test.ft.txt  (816 rows)
2026-05-05 18:57:04,220 [INFO] train — Training with auto-tune (duration=10s)...
2026-05-05 18:57:18,123 [INFO] train — FastText test metrics — N: 816 | P@1: 0.9963 | R@1: 0.9963
2026-05-05 18:57:18,289 [INFO] train — Test Accuracy : 0.9963
2026-05-05 18:57:18,296 [INFO] train — 
Classification Report:
              precision    recall  f1-score   support

      CREDIT       1.00      1.00      1.00       259
       DEBIT       1.00      1.00      1.00       259
     UNKNOWN       1.00      1.00      1.00       298

    accuracy                           1.00       816
   macro avg       1.00      1.00      1.00       816
weighted avg       1.00      1.00      1.00       816

2026-05-05 18:57:24,702 [INFO] train — Confusion matrix saved → /home/mustak24/Documents/Coding/Python/classification-model/logs/confusion_matrix.png
2026-05-05 18:57:25,431 [INFO] train — Saved full model → /home/mustak24/Documents/Coding/Python/classification-model/models/classifier.bin
2026-05-05 18:57:26,090 [INFO] train — Quantization trial 1/4 with params: {'input': '/home/mustak24/Documents/Coding/Python/classification-model/models/train.ft.txt', 'retrain': True, 'qnorm': False}
2026-05-05 18:59:05,551 [INFO] train — Trial 1 result — size: 180.6031 MB | accuracy: 0.9926 | pass(no-drop): False
2026-05-05 18:59:06,196 [INFO] train — Quantization trial 2/4 with params: {'input': '/home/mustak24/Documents/Coding/Python/classification-model/models/train.ft.txt', 'retrain': True, 'qnorm': True, 'cutoff': 80000, 'dsub': 2}
2026-05-05 18:59:35,737 [INFO] train — Trial 2 result — size: 4.2934 MB | accuracy: 0.9963 | pass(no-drop): True
2026-05-05 18:59:36,387 [INFO] train — Quantization trial 3/4 with params: {'input': '/home/mustak24/Documents/Coding/Python/classification-model/models/train.ft.txt', 'retrain': True, 'qnorm': True, 'cutoff': 50000, 'dsub': 4}
2026-05-05 18:59:49,251 [INFO] train — Trial 3 result — size: 1.6228 MB | accuracy: 0.9963 | pass(no-drop): True
2026-05-05 18:59:49,911 [INFO] train — Quantization trial 4/4 with params: {'input': '/home/mustak24/Documents/Coding/Python/classification-model/models/train.ft.txt', 'retrain': True, 'qnorm': True, 'cutoff': 30000, 'dsub': 4}
2026-05-05 18:59:58,327 [INFO] train — Trial 4 result — size: 1.0122 MB | accuracy: 0.9963 | pass(no-drop): True
2026-05-05 18:59:58,370 [INFO] train — Saved best quantized model → /home/mustak24/Documents/Coding/Python/classification-model/models/classifier.ftz (trial=4, size=1.0122 MB, accuracy=0.9963)
2026-05-05 18:59:58,389 [INFO] train — Metadata saved → /home/mustak24/Documents/Coding/Python/classification-model/models/metadata.json
2026-05-05 18:59:58,390 [INFO] train — ============================================================
2026-05-05 18:59:58,390 [INFO] train — Training complete. Test accuracy: 99.63%
2026-05-05 18:59:58,390 [INFO] train — ============================================================
2026-05-20 09:53:52,054 [INFO] train — ============================================================
2026-05-20 09:53:52,055 [INFO] train — SMS Classifier — FastText Training Pipeline
2026-05-20 09:53:52,055 [INFO] train — ============================================================
2026-05-20 09:53:52,266 [INFO] train — Class distribution plot saved → /home/mustak24/Documents/Coding/Python/classification-model/logs/class_distribution.png
2026-05-20 09:53:52,266 [INFO] train — Cleaning text...
2026-05-20 09:53:52,436 [INFO] train — Classes: ['CREDIT', 'DEBIT', 'UNKNOWN']
2026-05-20 09:53:52,443 [INFO] train — Train: 3268 | Test: 818
2026-05-20 09:53:52,578 [INFO] train — Wrote FastText file → /home/mustak24/Documents/Coding/Python/classification-model/models/train.ft.txt  (3268 rows)
2026-05-20 09:53:52,611 [INFO] train — Wrote FastText file → /home/mustak24/Documents/Coding/Python/classification-model/models/test.ft.txt  (818 rows)
2026-05-20 09:53:52,611 [INFO] train — Training with auto-tune (duration=10s)...
2026-05-20 09:54:09,174 [INFO] train — FastText test metrics — N: 818 | P@1: 0.9951 | R@1: 0.9951
2026-05-20 09:54:09,248 [INFO] train — Test Accuracy : 0.9951
2026-05-20 09:54:09,249 [INFO] train — 
Classification Report:
              precision    recall  f1-score   support

      CREDIT       0.99      1.00      0.99       261
       DEBIT       1.00      0.99      0.99       259
     UNKNOWN       1.00      1.00      1.00       298

    accuracy                           1.00       818
   macro avg       1.00      1.00      1.00       818
weighted avg       1.00      1.00      1.00       818

2026-05-20 09:54:09,430 [INFO] train — Confusion matrix saved → /home/mustak24/Documents/Coding/Python/classification-model/logs/confusion_matrix.png
2026-05-20 09:54:10,398 [INFO] train — Saved full model → /home/mustak24/Documents/Coding/Python/classification-model/models/classifier.bin
2026-05-20 09:54:11,890 [INFO] train — Quantization trial 1/4 with params: {'input': '/home/mustak24/Documents/Coding/Python/classification-model/models/train.ft.txt', 'retrain': True, 'qnorm': False}
2026-05-20 09:57:26,565 [INFO] train — Trial 1 result — size: 314.0555 MB | accuracy: 0.9878 | pass(no-drop): False
2026-05-20 09:57:30,713 [INFO] train — Quantization trial 2/4 with params: {'input': '/home/mustak24/Documents/Coding/Python/classification-model/models/train.ft.txt', 'retrain': True, 'qnorm': True, 'cutoff': 80000, 'dsub': 2}
2026-05-20 09:58:25,689 [INFO] train — Trial 2 result — size: 6.9578 MB | accuracy: 0.9939 | pass(no-drop): False
2026-05-20 09:58:26,985 [INFO] train — Quantization trial 3/4 with params: {'input': '/home/mustak24/Documents/Coding/Python/classification-model/models/train.ft.txt', 'retrain': True, 'qnorm': True, 'cutoff': 50000, 'dsub': 4}
2026-05-20 09:58:50,348 [INFO] train — Trial 3 result — size: 2.5034 MB | accuracy: 0.9951 | pass(no-drop): True
2026-05-20 09:58:51,519 [INFO] train — Quantization trial 4/4 with params: {'input': '/home/mustak24/Documents/Coding/Python/classification-model/models/train.ft.txt', 'retrain': True, 'qnorm': True, 'cutoff': 30000, 'dsub': 4}
2026-05-20 09:59:06,746 [INFO] train — Trial 4 result — size: 1.5684 MB | accuracy: 0.9951 | pass(no-drop): True
2026-05-20 09:59:06,750 [INFO] train — Saved best quantized model → /home/mustak24/Documents/Coding/Python/classification-model/models/classifier.ftz (trial=4, size=1.5684 MB, accuracy=0.9951)
2026-05-20 09:59:06,762 [INFO] train — Metadata saved → /home/mustak24/Documents/Coding/Python/classification-model/models/metadata.json
2026-05-20 09:59:06,762 [INFO] train — ============================================================
2026-05-20 09:59:06,763 [INFO] train — Training complete. Test accuracy: 99.51%
2026-05-20 09:59:06,763 [INFO] train — ============================================================
2026-05-20 10:00:31,321 [INFO] train — ============================================================
2026-05-20 10:00:31,321 [INFO] train — SMS Classifier — FastText Training Pipeline
2026-05-20 10:00:31,321 [INFO] train — ============================================================
2026-05-20 10:00:31,432 [INFO] train — Class distribution plot saved → /home/mustak24/Documents/Coding/Python/classification-model/logs/class_distribution.png
2026-05-20 10:00:31,432 [INFO] train — Cleaning text...
2026-05-20 10:00:31,553 [INFO] train — Classes: ['CREDIT', 'DEBIT', 'UNKNOWN']
2026-05-20 10:00:31,557 [INFO] train — Train: 3268 | Test: 818
2026-05-20 10:00:31,653 [INFO] train — Wrote FastText file → /home/mustak24/Documents/Coding/Python/classification-model/models/train.ft.txt  (3268 rows)
2026-05-20 10:00:31,678 [INFO] train — Wrote FastText file → /home/mustak24/Documents/Coding/Python/classification-model/models/test.ft.txt  (818 rows)
2026-05-20 10:00:31,678 [INFO] train — Training with auto-tune (duration=10s)...
2026-05-20 10:00:45,442 [INFO] train — FastText test metrics — N: 818 | P@1: 0.9951 | R@1: 0.9951
2026-05-20 10:00:45,482 [INFO] train — Test Accuracy : 0.9951
2026-05-20 10:00:45,482 [INFO] train — 
Classification Report:
              precision    recall  f1-score   support

      CREDIT       0.99      1.00      0.99       261
       DEBIT       1.00      0.99      0.99       259
     UNKNOWN       1.00      1.00      1.00       298

    accuracy                           1.00       818
   macro avg       1.00      1.00      1.00       818
weighted avg       1.00      1.00      1.00       818

2026-05-20 10:00:45,683 [INFO] train — Confusion matrix saved → /home/mustak24/Documents/Coding/Python/classification-model/logs/confusion_matrix.png
2026-05-20 10:00:46,734 [INFO] train — Saved full model → /home/mustak24/Documents/Coding/Python/classification-model/models/classifier.bin
2026-05-20 10:00:48,359 [INFO] train — Quantization trial 1/4 with params: {'input': '/home/mustak24/Documents/Coding/Python/classification-model/models/train.ft.txt', 'retrain': True, 'qnorm': False}
2026-05-20 10:04:01,912 [INFO] train — Trial 1 result — size: 333.6800 MB | accuracy: 0.9927 | pass(no-drop): False
2026-05-20 10:04:05,594 [INFO] train — Quantization trial 2/4 with params: {'input': '/home/mustak24/Documents/Coding/Python/classification-model/models/train.ft.txt', 'retrain': True, 'qnorm': True, 'cutoff': 80000, 'dsub': 2}
2026-05-20 10:05:04,273 [INFO] train — Trial 2 result — size: 7.3478 MB | accuracy: 0.9951 | pass(no-drop): True
2026-05-20 10:05:05,583 [INFO] train — Quantization trial 3/4 with params: {'input': '/home/mustak24/Documents/Coding/Python/classification-model/models/train.ft.txt', 'retrain': True, 'qnorm': True, 'cutoff': 50000, 'dsub': 4}
2026-05-20 10:05:30,475 [INFO] train — Trial 3 result — size: 2.6552 MB | accuracy: 0.9951 | pass(no-drop): True
2026-05-20 10:05:31,711 [INFO] train — Quantization trial 4/4 with params: {'input': '/home/mustak24/Documents/Coding/Python/classification-model/models/train.ft.txt', 'retrain': True, 'qnorm': True, 'cutoff': 30000, 'dsub': 4}
2026-05-20 10:05:47,014 [INFO] train — Trial 4 result — size: 1.6628 MB | accuracy: 0.9951 | pass(no-drop): True
2026-05-20 10:05:47,015 [INFO] train — Saved best quantized model → /home/mustak24/Documents/Coding/Python/classification-model/models/classifier.ftz (trial=4, size=1.6628 MB, accuracy=0.9951)
2026-05-20 10:05:47,026 [INFO] train — Metadata saved → /home/mustak24/Documents/Coding/Python/classification-model/models/metadata.json
2026-05-20 10:05:47,026 [INFO] train — ============================================================
2026-05-20 10:05:47,026 [INFO] train — Training complete. Test accuracy: 99.51%
2026-05-20 10:05:47,026 [INFO] train — ============================================================
2026-05-20 10:13:07,646 [INFO] train — ============================================================
2026-05-20 10:13:07,646 [INFO] train — SMS Classifier — FastText Training Pipeline
2026-05-20 10:13:07,646 [INFO] train — ============================================================
2026-05-20 10:13:07,772 [INFO] train — Class distribution plot saved → /home/mustak24/Documents/Coding/Python/classification-model/logs/class_distribution.png
2026-05-20 10:13:07,772 [INFO] train — Cleaning text...
2026-05-20 10:13:07,926 [INFO] train — Classes: ['CREDIT', 'DEBIT', 'UNKNOWN']
2026-05-20 10:13:07,930 [INFO] train — Train: 3328 | Test: 832
2026-05-20 10:13:08,045 [INFO] train — Wrote FastText file → /home/mustak24/Documents/Coding/Python/classification-model/models/train.ft.txt  (3328 rows)
2026-05-20 10:13:08,073 [INFO] train — Wrote FastText file → /home/mustak24/Documents/Coding/Python/classification-model/models/test.ft.txt  (832 rows)
2026-05-20 10:13:08,073 [INFO] train — Training with auto-tune (duration=10s)...
2026-05-20 10:13:21,210 [INFO] train — FastText test metrics — N: 832 | P@1: 0.9964 | R@1: 0.9964
2026-05-20 10:13:21,247 [INFO] train — Test Accuracy : 0.9964
2026-05-20 10:13:21,248 [INFO] train — 
Classification Report:
              precision    recall  f1-score   support

      CREDIT       1.00      1.00      1.00       268
       DEBIT       0.99      1.00      0.99       266
     UNKNOWN       1.00      1.00      1.00       298

    accuracy                           1.00       832
   macro avg       1.00      1.00      1.00       832
weighted avg       1.00      1.00      1.00       832

2026-05-20 10:13:21,420 [INFO] train — Confusion matrix saved → /home/mustak24/Documents/Coding/Python/classification-model/logs/confusion_matrix.png
2026-05-20 10:13:38,967 [INFO] train — ============================================================
2026-05-20 10:13:38,967 [INFO] train — SMS Classifier — FastText Training Pipeline
2026-05-20 10:13:38,967 [INFO] train — ============================================================
2026-05-20 10:13:39,096 [INFO] train — Class distribution plot saved → /home/mustak24/Documents/Coding/Python/classification-model/logs/class_distribution.png
2026-05-20 10:13:39,096 [INFO] train — Cleaning text...
2026-05-20 10:13:39,231 [INFO] train — Classes: ['CREDIT', 'DEBIT', 'UNKNOWN']
2026-05-20 10:13:39,234 [INFO] train — Train: 3328 | Test: 832
2026-05-20 10:13:39,339 [INFO] train — Wrote FastText file → /home/mustak24/Documents/Coding/Python/classification-model/models/train.ft.txt  (3328 rows)
2026-05-20 10:13:39,365 [INFO] train — Wrote FastText file → /home/mustak24/Documents/Coding/Python/classification-model/models/test.ft.txt  (832 rows)
2026-05-20 10:13:39,365 [INFO] train — Training with auto-tune (duration=10s)...
2026-05-20 10:13:51,444 [INFO] train — FastText test metrics — N: 832 | P@1: 0.9964 | R@1: 0.9964
2026-05-20 10:13:51,514 [INFO] train — Test Accuracy : 0.9964
2026-05-20 10:13:51,515 [INFO] train — 
Classification Report:
              precision    recall  f1-score   support

      CREDIT       1.00      1.00      1.00       268
       DEBIT       0.99      1.00      0.99       266
     UNKNOWN       1.00      1.00      1.00       298

    accuracy                           1.00       832
   macro avg       1.00      1.00      1.00       832
weighted avg       1.00      1.00      1.00       832

2026-05-20 10:13:51,733 [INFO] train — Confusion matrix saved → /home/mustak24/Documents/Coding/Python/classification-model/logs/confusion_matrix.png
2026-05-20 10:13:52,506 [INFO] train — Saved full model → /home/mustak24/Documents/Coding/Python/classification-model/models/classifier.bin
2026-05-20 10:13:53,285 [INFO] train — Quantization trial 1/4 with params: {'input': '/home/mustak24/Documents/Coding/Python/classification-model/models/train.ft.txt', 'retrain': True, 'qnorm': False}
2026-05-20 10:15:46,111 [INFO] train — Trial 1 result — size: 180.6029 MB | accuracy: 0.9940 | pass(no-drop): False
2026-05-20 10:15:46,752 [INFO] train — Quantization trial 2/4 with params: {'input': '/home/mustak24/Documents/Coding/Python/classification-model/models/train.ft.txt', 'retrain': True, 'qnorm': True, 'cutoff': 80000, 'dsub': 2}
2026-05-20 10:16:18,677 [INFO] train — Trial 2 result — size: 4.2934 MB | accuracy: 0.9964 | pass(no-drop): True
2026-05-20 10:16:19,328 [INFO] train — Quantization trial 3/4 with params: {'input': '/home/mustak24/Documents/Coding/Python/classification-model/models/train.ft.txt', 'retrain': True, 'qnorm': True, 'cutoff': 50000, 'dsub': 4}
2026-05-20 10:16:33,459 [INFO] train — Trial 3 result — size: 1.6228 MB | accuracy: 0.9964 | pass(no-drop): True
2026-05-20 10:16:34,161 [INFO] train — Quantization trial 4/4 with params: {'input': '/home/mustak24/Documents/Coding/Python/classification-model/models/train.ft.txt', 'retrain': True, 'qnorm': True, 'cutoff': 30000, 'dsub': 4}
2026-05-20 10:16:42,919 [INFO] train — Trial 4 result — size: 1.0122 MB | accuracy: 0.9964 | pass(no-drop): True
2026-05-20 10:16:42,973 [INFO] train — Saved best quantized model → /home/mustak24/Documents/Coding/Python/classification-model/models/classifier.ftz (trial=4, size=1.0122 MB, accuracy=0.9964)
2026-05-20 10:16:42,982 [INFO] train — Metadata saved → /home/mustak24/Documents/Coding/Python/classification-model/models/metadata.json
2026-05-20 10:16:42,982 [INFO] train — ============================================================
2026-05-20 10:16:42,982 [INFO] train — Training complete. Test accuracy: 99.64%
2026-05-20 10:16:42,982 [INFO] train — ============================================================
